06-28-2020 0:00:07 - Day 14 for Joonho sent!
06-28-2020 4:01:08 - Day 5 for Marina sent!
06-28-2020 7:10:08 - Day 7 for Hawazin sent!
06-28-2020 14:10:10 - Day 6 for Kat. sent!
06-28-2020 14:30:07 - Day 5 for Britini sent!
06-29-2020 0:00:07 - Day 15 for Joonho sent!
06-29-2020 4:01:07 - Day 6 for Marina sent!
06-29-2020 7:10:08 - Day 8 for Hawazin sent!
06-29-2020 14:10:08 - Day 7 for Kat. sent!
06-29-2020 14:30:07 - Day 6 for Britini sent!
06-30-2020 0:00:08 - Day 16 for Joonho sent!
06-30-2020 4:01:07 - Day 7 for Marina sent!
06-30-2020 7:10:07 - Day 9 for Hawazin sent!
07-01-2020 14:10:08 - Day 9 for Kat. sent!
07-01-2020 14:30:08 - Day 8 for Britini sent!
07-02-2020 0:00:10 - Day 18 for Joonho sent!
07-02-2020 4:01:08 - Day 9 for Marina sent!
07-02-2020 7:10:07 - Day 11 for Hawazin sent!
07-02-2020 14:10:08 - Day 10 for Kat. sent!
07-02-2020 14:30:07 - Day 9 for Britini sent!
07-03-2020 0:00:08 - Day 19 for Joonho sent!
07-03-2020 4:01:09 - Day 10 for Marina sent!
07-03-2020 7:10:09 - Day 12 for Hawazin sent!
07-03-2020 14:10:07 - Day 11 for Kat. sent!
07-03-2020 14:30:06 - Day 10 for Britini sent!
07-04-2020 0:00:08 - Day 20 for Joonho sent!
07-04-2020 4:01:07 - Day 11 for Marina sent!
07-04-2020 7:10:07 - Day 13 for Hawazin sent!
07-04-2020 14:10:08 - Day 12 for Kat. sent!
07-04-2020 14:30:07 - Day 11 for Britini sent!
07-05-2020 0:00:22 - Day 21 for Joonho sent!
07-05-2020 4:01:08 - Day 12 for Marina sent!
07-05-2020 7:10:09 - Day 14 for Hawazin sent!
07-05-2020 14:10:08 - Day 13 for Kat. sent!
07-05-2020 14:30:09 - Day 12 for Britini sent!
Not started or finished! 
Day # is 22 
07-06-2020 4:01:09 - Day 13 for Marina sent!
07-06-2020 7:10:08 - Day 15 for Hawazin sent!
07-06-2020 14:10:08 - Day 14 for Kat. sent!
07-06-2020 14:30:12 - Day 13 for Britini sent!
Not started or finished! 
Day # is 23 
07-07-2020 4:01:07 - Day 14 for Marina sent!
07-07-2020 7:10:08 - Day 16 for Hawazin sent!
07-07-2020 14:10:09 - Day 15 for Kat. sent!
07-07-2020 14:30:06 - Day 14 for Britini sent!
